2018-02-04 00:14:01 [scrapy.utils.log] INFO: Scrapy 1.5.0 started (bot: com289)
2018-02-04 00:14:01 [scrapy.utils.log] INFO: Versions: lxml 4.1.1.0, libxml2 2.9.7, cssselect 1.0.1, parsel 1.3.1, w3lib 1.18.0, Twisted 17.9.0, Python 3.6.3 (v3.6.3:2c5fed8, Oct  3 2017, 17:26:49) [MSC v.1900 32 bit (Intel)], pyOpenSSL 17.5.0 (OpenSSL 1.1.0g  2 Nov 2017), cryptography 2.1.4, Platform Windows-10-10.0.15063-SP0
2018-02-04 00:14:01 [scrapy.crawler] INFO: Overridden settings: {'BOT_NAME': 'com289', 'COOKIES_ENABLED': False, 'LOG_FILE': 'Spider.log', 'LOG_LEVEL': 'INFO', 'NEWSPIDER_MODULE': 'com289.spiders', 'SPIDER_MODULES': ['com289.spiders']}
2018-02-04 00:14:01 [scrapy.middleware] INFO: Enabled extensions:
['scrapy.extensions.corestats.CoreStats',
 'scrapy.extensions.telnet.TelnetConsole',
 'scrapy.extensions.logstats.LogStats']
2018-02-04 00:14:04 [scrapy.middleware] INFO: Enabled downloader middlewares:
['com289.middlewares.JSPageMiddleware',
 'com289.middlewares.RandomUserAgentMiddleware',
 'scrapy.downloadermiddlewares.httpauth.HttpAuthMiddleware',
 'scrapy.downloadermiddlewares.downloadtimeout.DownloadTimeoutMiddleware',
 'scrapy.downloadermiddlewares.defaultheaders.DefaultHeadersMiddleware',
 'scrapy.downloadermiddlewares.useragent.UserAgentMiddleware',
 'scrapy.downloadermiddlewares.retry.RetryMiddleware',
 'scrapy.downloadermiddlewares.redirect.MetaRefreshMiddleware',
 'scrapy.downloadermiddlewares.httpcompression.HttpCompressionMiddleware',
 'scrapy.downloadermiddlewares.redirect.RedirectMiddleware',
 'scrapy.downloadermiddlewares.httpproxy.HttpProxyMiddleware',
 'scrapy.downloadermiddlewares.stats.DownloaderStats']
2018-02-04 00:14:04 [scrapy.middleware] INFO: Enabled spider middlewares:
['scrapy.spidermiddlewares.httperror.HttpErrorMiddleware',
 'scrapy.spidermiddlewares.offsite.OffsiteMiddleware',
 'scrapy.spidermiddlewares.referer.RefererMiddleware',
 'scrapy.spidermiddlewares.urllength.UrlLengthMiddleware',
 'scrapy.spidermiddlewares.depth.DepthMiddleware']
2018-02-04 00:14:04 [scrapy.middleware] INFO: Enabled item pipelines:
['com289.pipelines.Com289Pipeline']
2018-02-04 00:14:04 [scrapy.core.engine] INFO: Spider opened
2018-02-04 00:14:04 [scrapy.extensions.logstats] INFO: Crawled 0 pages (at 0 pages/min), scraped 0 items (at 0 items/min)
2018-02-04 00:21:17 [scrapy.extensions.logstats] INFO: Crawled 187 pages (at 187 pages/min), scraped 0 items (at 0 items/min)
2018-02-04 00:22:01 [scrapy.core.engine] INFO: Closing spider (finished)
2018-02-04 00:22:01 [scrapy.statscollectors] INFO: Dumping Scrapy stats:
{'downloader/response_bytes': 4879915,
 'downloader/response_count': 206,
 'downloader/response_status_count/200': 206,
 'finish_reason': 'finished',
 'finish_time': datetime.datetime(2018, 2, 3, 16, 22, 1, 26013),
 'item_scraped_count': 195,
 'log_count/INFO': 8,
 'request_depth_max': 2,
 'response_received_count': 206,
 'scheduler/dequeued': 206,
 'scheduler/dequeued/memory': 206,
 'scheduler/enqueued': 206,
 'scheduler/enqueued/memory': 206,
 'start_time': datetime.datetime(2018, 2, 3, 16, 14, 4, 312653)}
2018-02-04 00:22:01 [scrapy.core.engine] INFO: Spider closed (finished)
2018-02-04 00:30:12 [scrapy.utils.log] INFO: Scrapy 1.5.0 started (bot: com289)
2018-02-04 00:30:12 [scrapy.utils.log] INFO: Versions: lxml 4.1.1.0, libxml2 2.9.7, cssselect 1.0.1, parsel 1.3.1, w3lib 1.18.0, Twisted 17.9.0, Python 3.6.3 (v3.6.3:2c5fed8, Oct  3 2017, 17:26:49) [MSC v.1900 32 bit (Intel)], pyOpenSSL 17.5.0 (OpenSSL 1.1.0g  2 Nov 2017), cryptography 2.1.4, Platform Windows-10-10.0.15063-SP0
2018-02-04 00:30:12 [scrapy.crawler] INFO: Overridden settings: {'BOT_NAME': 'com289', 'COOKIES_ENABLED': False, 'LOG_FILE': 'Spider.log', 'LOG_LEVEL': 'INFO', 'NEWSPIDER_MODULE': 'com289.spiders', 'SPIDER_MODULES': ['com289.spiders']}
2018-02-04 00:30:12 [scrapy.middleware] INFO: Enabled extensions:
['scrapy.extensions.corestats.CoreStats',
 'scrapy.extensions.telnet.TelnetConsole',
 'scrapy.extensions.logstats.LogStats']
2018-02-04 00:30:14 [scrapy.middleware] INFO: Enabled downloader middlewares:
['com289.middlewares.JSPageMiddleware',
 'com289.middlewares.RandomUserAgentMiddleware',
 'scrapy.downloadermiddlewares.httpauth.HttpAuthMiddleware',
 'scrapy.downloadermiddlewares.downloadtimeout.DownloadTimeoutMiddleware',
 'scrapy.downloadermiddlewares.defaultheaders.DefaultHeadersMiddleware',
 'scrapy.downloadermiddlewares.useragent.UserAgentMiddleware',
 'scrapy.downloadermiddlewares.retry.RetryMiddleware',
 'scrapy.downloadermiddlewares.redirect.MetaRefreshMiddleware',
 'scrapy.downloadermiddlewares.httpcompression.HttpCompressionMiddleware',
 'scrapy.downloadermiddlewares.redirect.RedirectMiddleware',
 'scrapy.downloadermiddlewares.httpproxy.HttpProxyMiddleware',
 'scrapy.downloadermiddlewares.stats.DownloaderStats']
2018-02-04 00:30:14 [scrapy.middleware] INFO: Enabled spider middlewares:
['scrapy.spidermiddlewares.httperror.HttpErrorMiddleware',
 'scrapy.spidermiddlewares.offsite.OffsiteMiddleware',
 'scrapy.spidermiddlewares.referer.RefererMiddleware',
 'scrapy.spidermiddlewares.urllength.UrlLengthMiddleware',
 'scrapy.spidermiddlewares.depth.DepthMiddleware']
2018-02-04 00:30:14 [scrapy.middleware] INFO: Enabled item pipelines:
['com289.pipelines.Com289Pipeline']
2018-02-04 00:30:14 [scrapy.core.engine] INFO: Spider opened
2018-02-04 00:30:14 [scrapy.extensions.logstats] INFO: Crawled 0 pages (at 0 pages/min), scraped 0 items (at 0 items/min)
2018-02-04 00:35:37 [scrapy.extensions.logstats] INFO: Crawled 161 pages (at 161 pages/min), scraped 0 items (at 0 items/min)
2018-02-04 00:36:23 [scrapy.extensions.logstats] INFO: Crawled 180 pages (at 19 pages/min), scraped 148 items (at 148 items/min)
2018-02-04 00:36:23 [scrapy.core.engine] INFO: Closing spider (finished)
2018-02-04 00:36:23 [scrapy.statscollectors] INFO: Dumping Scrapy stats:
{'downloader/response_bytes': 4168308,
 'downloader/response_count': 180,
 'downloader/response_status_count/200': 180,
 'finish_reason': 'finished',
 'finish_time': datetime.datetime(2018, 2, 3, 16, 36, 23, 344887),
 'item_scraped_count': 170,
 'log_count/INFO': 9,
 'request_depth_max': 2,
 'response_received_count': 180,
 'scheduler/dequeued': 180,
 'scheduler/dequeued/memory': 180,
 'scheduler/enqueued': 180,
 'scheduler/enqueued/memory': 180,
 'start_time': datetime.datetime(2018, 2, 3, 16, 30, 14, 820675)}
2018-02-04 00:36:23 [scrapy.core.engine] INFO: Spider closed (finished)
2018-02-04 00:38:42 [scrapy.utils.log] INFO: Scrapy 1.5.0 started (bot: com289)
2018-02-04 00:38:42 [scrapy.utils.log] INFO: Versions: lxml 4.1.1.0, libxml2 2.9.7, cssselect 1.0.1, parsel 1.3.1, w3lib 1.18.0, Twisted 17.9.0, Python 3.6.3 (v3.6.3:2c5fed8, Oct  3 2017, 17:26:49) [MSC v.1900 32 bit (Intel)], pyOpenSSL 17.5.0 (OpenSSL 1.1.0g  2 Nov 2017), cryptography 2.1.4, Platform Windows-10-10.0.15063-SP0
2018-02-04 00:38:42 [scrapy.crawler] INFO: Overridden settings: {'BOT_NAME': 'com289', 'COOKIES_ENABLED': False, 'LOG_FILE': 'Spider.log', 'LOG_LEVEL': 'INFO', 'NEWSPIDER_MODULE': 'com289.spiders', 'SPIDER_MODULES': ['com289.spiders']}
2018-02-04 00:38:42 [scrapy.middleware] INFO: Enabled extensions:
['scrapy.extensions.corestats.CoreStats',
 'scrapy.extensions.telnet.TelnetConsole',
 'scrapy.extensions.logstats.LogStats']
2018-02-04 00:38:44 [scrapy.middleware] INFO: Enabled downloader middlewares:
['com289.middlewares.JSPageMiddleware',
 'com289.middlewares.RandomUserAgentMiddleware',
 'scrapy.downloadermiddlewares.httpauth.HttpAuthMiddleware',
 'scrapy.downloadermiddlewares.downloadtimeout.DownloadTimeoutMiddleware',
 'scrapy.downloadermiddlewares.defaultheaders.DefaultHeadersMiddleware',
 'scrapy.downloadermiddlewares.useragent.UserAgentMiddleware',
 'scrapy.downloadermiddlewares.retry.RetryMiddleware',
 'scrapy.downloadermiddlewares.redirect.MetaRefreshMiddleware',
 'scrapy.downloadermiddlewares.httpcompression.HttpCompressionMiddleware',
 'scrapy.downloadermiddlewares.redirect.RedirectMiddleware',
 'scrapy.downloadermiddlewares.httpproxy.HttpProxyMiddleware',
 'scrapy.downloadermiddlewares.stats.DownloaderStats']
2018-02-04 00:38:44 [scrapy.middleware] INFO: Enabled spider middlewares:
['scrapy.spidermiddlewares.httperror.HttpErrorMiddleware',
 'scrapy.spidermiddlewares.offsite.OffsiteMiddleware',
 'scrapy.spidermiddlewares.referer.RefererMiddleware',
 'scrapy.spidermiddlewares.urllength.UrlLengthMiddleware',
 'scrapy.spidermiddlewares.depth.DepthMiddleware']
2018-02-04 00:38:44 [scrapy.middleware] INFO: Enabled item pipelines:
['com289.pipelines.Com289Pipeline']
2018-02-04 00:38:44 [scrapy.core.engine] INFO: Spider opened
2018-02-04 00:38:44 [scrapy.extensions.logstats] INFO: Crawled 0 pages (at 0 pages/min), scraped 0 items (at 0 items/min)
2018-02-04 00:44:20 [scrapy.extensions.logstats] INFO: Crawled 174 pages (at 174 pages/min), scraped 0 items (at 0 items/min)
2018-02-04 00:44:57 [scrapy.extensions.logstats] INFO: Crawled 193 pages (at 19 pages/min), scraped 163 items (at 163 items/min)
2018-02-04 00:44:58 [scrapy.core.engine] INFO: Closing spider (finished)
2018-02-04 00:44:58 [scrapy.statscollectors] INFO: Dumping Scrapy stats:
{'downloader/response_bytes': 4576397,
 'downloader/response_count': 193,
 'downloader/response_status_count/200': 193,
 'finish_reason': 'finished',
 'finish_time': datetime.datetime(2018, 2, 3, 16, 44, 58, 232656),
 'item_scraped_count': 182,
 'log_count/INFO': 9,
 'request_depth_max': 2,
 'response_received_count': 193,
 'scheduler/dequeued': 193,
 'scheduler/dequeued/memory': 193,
 'scheduler/enqueued': 193,
 'scheduler/enqueued/memory': 193,
 'start_time': datetime.datetime(2018, 2, 3, 16, 38, 44, 992442)}
2018-02-04 00:44:58 [scrapy.core.engine] INFO: Spider closed (finished)
2018-02-04 00:46:59 [scrapy.utils.log] INFO: Scrapy 1.5.0 started (bot: com289)
2018-02-04 00:46:59 [scrapy.utils.log] INFO: Versions: lxml 4.1.1.0, libxml2 2.9.7, cssselect 1.0.1, parsel 1.3.1, w3lib 1.18.0, Twisted 17.9.0, Python 3.6.3 (v3.6.3:2c5fed8, Oct  3 2017, 17:26:49) [MSC v.1900 32 bit (Intel)], pyOpenSSL 17.5.0 (OpenSSL 1.1.0g  2 Nov 2017), cryptography 2.1.4, Platform Windows-10-10.0.15063-SP0
2018-02-04 00:46:59 [scrapy.crawler] INFO: Overridden settings: {'BOT_NAME': 'com289', 'COOKIES_ENABLED': False, 'LOG_FILE': 'Spider.log', 'LOG_LEVEL': 'INFO', 'NEWSPIDER_MODULE': 'com289.spiders', 'SPIDER_MODULES': ['com289.spiders']}
2018-02-04 00:46:59 [scrapy.middleware] INFO: Enabled extensions:
['scrapy.extensions.corestats.CoreStats',
 'scrapy.extensions.telnet.TelnetConsole',
 'scrapy.extensions.logstats.LogStats']
2018-02-04 00:47:02 [scrapy.middleware] INFO: Enabled downloader middlewares:
['com289.middlewares.JSPageMiddleware',
 'com289.middlewares.RandomUserAgentMiddleware',
 'scrapy.downloadermiddlewares.httpauth.HttpAuthMiddleware',
 'scrapy.downloadermiddlewares.downloadtimeout.DownloadTimeoutMiddleware',
 'scrapy.downloadermiddlewares.defaultheaders.DefaultHeadersMiddleware',
 'scrapy.downloadermiddlewares.useragent.UserAgentMiddleware',
 'scrapy.downloadermiddlewares.retry.RetryMiddleware',
 'scrapy.downloadermiddlewares.redirect.MetaRefreshMiddleware',
 'scrapy.downloadermiddlewares.httpcompression.HttpCompressionMiddleware',
 'scrapy.downloadermiddlewares.redirect.RedirectMiddleware',
 'scrapy.downloadermiddlewares.httpproxy.HttpProxyMiddleware',
 'scrapy.downloadermiddlewares.stats.DownloaderStats']
2018-02-04 00:47:02 [scrapy.middleware] INFO: Enabled spider middlewares:
['scrapy.spidermiddlewares.httperror.HttpErrorMiddleware',
 'scrapy.spidermiddlewares.offsite.OffsiteMiddleware',
 'scrapy.spidermiddlewares.referer.RefererMiddleware',
 'scrapy.spidermiddlewares.urllength.UrlLengthMiddleware',
 'scrapy.spidermiddlewares.depth.DepthMiddleware']
2018-02-04 00:47:02 [scrapy.middleware] INFO: Enabled item pipelines:
['com289.pipelines.Com289Pipeline']
2018-02-04 00:47:02 [scrapy.core.engine] INFO: Spider opened
2018-02-04 00:47:02 [scrapy.extensions.logstats] INFO: Crawled 0 pages (at 0 pages/min), scraped 0 items (at 0 items/min)
2018-02-04 00:56:15 [scrapy.extensions.logstats] INFO: Crawled 176 pages (at 176 pages/min), scraped 0 items (at 0 items/min)
2018-02-04 00:57:27 [scrapy.extensions.logstats] INFO: Crawled 195 pages (at 19 pages/min), scraped 31 items (at 31 items/min)
2018-02-04 00:57:29 [scrapy.core.engine] INFO: Closing spider (finished)
2018-02-04 00:57:29 [scrapy.statscollectors] INFO: Dumping Scrapy stats:
{'downloader/response_bytes': 4417532,
 'downloader/response_count': 195,
 'downloader/response_status_count/200': 195,
 'finish_reason': 'finished',
 'finish_time': datetime.datetime(2018, 2, 3, 16, 57, 29, 33801),
 'item_scraped_count': 184,
 'log_count/INFO': 9,
 'request_depth_max': 2,
 'response_received_count': 195,
 'scheduler/dequeued': 195,
 'scheduler/dequeued/memory': 195,
 'scheduler/enqueued': 195,
 'scheduler/enqueued/memory': 195,
 'start_time': datetime.datetime(2018, 2, 3, 16, 47, 2, 348226)}
2018-02-04 00:57:29 [scrapy.core.engine] INFO: Spider closed (finished)
2018-02-04 10:29:59 [scrapy.utils.log] INFO: Scrapy 1.5.0 started (bot: com289)
2018-02-04 10:29:59 [scrapy.utils.log] INFO: Versions: lxml 4.1.1.0, libxml2 2.9.7, cssselect 1.0.1, parsel 1.3.1, w3lib 1.18.0, Twisted 17.9.0, Python 3.6.3 (v3.6.3:2c5fed8, Oct  3 2017, 17:26:49) [MSC v.1900 32 bit (Intel)], pyOpenSSL 17.5.0 (OpenSSL 1.1.0g  2 Nov 2017), cryptography 2.1.4, Platform Windows-10-10.0.15063-SP0
2018-02-04 10:29:59 [scrapy.crawler] INFO: Overridden settings: {'BOT_NAME': 'com289', 'COOKIES_ENABLED': False, 'LOG_FILE': 'Spider.log', 'LOG_LEVEL': 'INFO', 'NEWSPIDER_MODULE': 'com289.spiders', 'SPIDER_MODULES': ['com289.spiders']}
2018-02-04 10:29:59 [scrapy.middleware] INFO: Enabled extensions:
['scrapy.extensions.corestats.CoreStats',
 'scrapy.extensions.telnet.TelnetConsole',
 'scrapy.extensions.logstats.LogStats']
2018-02-04 10:30:01 [scrapy.middleware] INFO: Enabled downloader middlewares:
['com289.middlewares.JSPageMiddleware',
 'com289.middlewares.RandomUserAgentMiddleware',
 'scrapy.downloadermiddlewares.httpauth.HttpAuthMiddleware',
 'scrapy.downloadermiddlewares.downloadtimeout.DownloadTimeoutMiddleware',
 'scrapy.downloadermiddlewares.defaultheaders.DefaultHeadersMiddleware',
 'scrapy.downloadermiddlewares.useragent.UserAgentMiddleware',
 'scrapy.downloadermiddlewares.retry.RetryMiddleware',
 'scrapy.downloadermiddlewares.redirect.MetaRefreshMiddleware',
 'scrapy.downloadermiddlewares.httpcompression.HttpCompressionMiddleware',
 'scrapy.downloadermiddlewares.redirect.RedirectMiddleware',
 'scrapy.downloadermiddlewares.httpproxy.HttpProxyMiddleware',
 'scrapy.downloadermiddlewares.stats.DownloaderStats']
2018-02-04 10:30:01 [scrapy.middleware] INFO: Enabled spider middlewares:
['scrapy.spidermiddlewares.httperror.HttpErrorMiddleware',
 'scrapy.spidermiddlewares.offsite.OffsiteMiddleware',
 'scrapy.spidermiddlewares.referer.RefererMiddleware',
 'scrapy.spidermiddlewares.urllength.UrlLengthMiddleware',
 'scrapy.spidermiddlewares.depth.DepthMiddleware']
2018-02-04 10:30:01 [scrapy.middleware] INFO: Enabled item pipelines:
['com289.pipelines.Com289Pipeline']
2018-02-04 10:30:01 [scrapy.core.engine] INFO: Spider opened
2018-02-04 10:30:01 [scrapy.extensions.logstats] INFO: Crawled 0 pages (at 0 pages/min), scraped 0 items (at 0 items/min)
2018-02-04 10:39:40 [scrapy.extensions.logstats] INFO: Crawled 200 pages (at 200 pages/min), scraped 0 items (at 0 items/min)
2018-02-04 10:41:06 [scrapy.extensions.logstats] INFO: Crawled 241 pages (at 41 pages/min), scraped 189 items (at 189 items/min)
2018-02-04 10:41:06 [scrapy.core.engine] INFO: Closing spider (finished)
2018-02-04 10:41:06 [scrapy.statscollectors] INFO: Dumping Scrapy stats:
{'downloader/response_bytes': 6373240,
 'downloader/response_count': 241,
 'downloader/response_status_count/200': 241,
 'finish_reason': 'finished',
 'finish_time': datetime.datetime(2018, 2, 4, 2, 41, 6, 697840),
 'item_scraped_count': 230,
 'log_count/INFO': 9,
 'request_depth_max': 2,
 'response_received_count': 241,
 'scheduler/dequeued': 241,
 'scheduler/dequeued/memory': 241,
 'scheduler/enqueued': 241,
 'scheduler/enqueued/memory': 241,
 'start_time': datetime.datetime(2018, 2, 4, 2, 30, 1, 428361)}
2018-02-04 10:41:06 [scrapy.core.engine] INFO: Spider closed (finished)
2018-02-04 11:00:29 [scrapy.utils.log] INFO: Scrapy 1.5.0 started (bot: com289)
2018-02-04 11:00:29 [scrapy.utils.log] INFO: Versions: lxml 4.1.1.0, libxml2 2.9.7, cssselect 1.0.1, parsel 1.3.1, w3lib 1.18.0, Twisted 17.9.0, Python 3.6.3 (v3.6.3:2c5fed8, Oct  3 2017, 17:26:49) [MSC v.1900 32 bit (Intel)], pyOpenSSL 17.5.0 (OpenSSL 1.1.0g  2 Nov 2017), cryptography 2.1.4, Platform Windows-10-10.0.15063-SP0
2018-02-04 11:00:29 [scrapy.crawler] INFO: Overridden settings: {'BOT_NAME': 'com289', 'COOKIES_ENABLED': False, 'LOG_FILE': 'Spider.log', 'LOG_LEVEL': 'INFO', 'NEWSPIDER_MODULE': 'com289.spiders', 'SPIDER_MODULES': ['com289.spiders']}
2018-02-04 11:00:29 [scrapy.middleware] INFO: Enabled extensions:
['scrapy.extensions.corestats.CoreStats',
 'scrapy.extensions.telnet.TelnetConsole',
 'scrapy.extensions.logstats.LogStats']
2018-02-04 11:00:32 [scrapy.middleware] INFO: Enabled downloader middlewares:
['com289.middlewares.JSPageMiddleware',
 'com289.middlewares.RandomUserAgentMiddleware',
 'scrapy.downloadermiddlewares.httpauth.HttpAuthMiddleware',
 'scrapy.downloadermiddlewares.downloadtimeout.DownloadTimeoutMiddleware',
 'scrapy.downloadermiddlewares.defaultheaders.DefaultHeadersMiddleware',
 'scrapy.downloadermiddlewares.useragent.UserAgentMiddleware',
 'scrapy.downloadermiddlewares.retry.RetryMiddleware',
 'scrapy.downloadermiddlewares.redirect.MetaRefreshMiddleware',
 'scrapy.downloadermiddlewares.httpcompression.HttpCompressionMiddleware',
 'scrapy.downloadermiddlewares.redirect.RedirectMiddleware',
 'scrapy.downloadermiddlewares.httpproxy.HttpProxyMiddleware',
 'scrapy.downloadermiddlewares.stats.DownloaderStats']
2018-02-04 11:00:32 [scrapy.middleware] INFO: Enabled spider middlewares:
['scrapy.spidermiddlewares.httperror.HttpErrorMiddleware',
 'scrapy.spidermiddlewares.offsite.OffsiteMiddleware',
 'scrapy.spidermiddlewares.referer.RefererMiddleware',
 'scrapy.spidermiddlewares.urllength.UrlLengthMiddleware',
 'scrapy.spidermiddlewares.depth.DepthMiddleware']
2018-02-04 11:00:32 [scrapy.middleware] INFO: Enabled item pipelines:
['com289.pipelines.Com289Pipeline']
2018-02-04 11:00:32 [scrapy.core.engine] INFO: Spider opened
2018-02-04 11:00:32 [scrapy.extensions.logstats] INFO: Crawled 0 pages (at 0 pages/min), scraped 0 items (at 0 items/min)
2018-02-04 11:26:05 [scrapy.extensions.logstats] INFO: Crawled 177 pages (at 177 pages/min), scraped 0 items (at 0 items/min)
2018-02-04 11:27:04 [scrapy.extensions.logstats] INFO: Crawled 234 pages (at 57 pages/min), scraped 55 items (at 55 items/min)
2018-02-04 11:27:05 [scrapy.core.engine] INFO: Closing spider (finished)
2018-02-04 11:27:05 [scrapy.statscollectors] INFO: Dumping Scrapy stats:
{'downloader/response_bytes': 5680564,
 'downloader/response_count': 234,
 'downloader/response_status_count/200': 234,
 'finish_reason': 'finished',
 'finish_time': datetime.datetime(2018, 2, 4, 3, 27, 5, 941311),
 'item_scraped_count': 223,
 'log_count/INFO': 9,
 'request_depth_max': 2,
 'response_received_count': 234,
 'scheduler/dequeued': 234,
 'scheduler/dequeued/memory': 234,
 'scheduler/enqueued': 234,
 'scheduler/enqueued/memory': 234,
 'start_time': datetime.datetime(2018, 2, 4, 3, 0, 32, 25104)}
2018-02-04 11:27:05 [scrapy.core.engine] INFO: Spider closed (finished)
2018-02-04 11:37:54 [scrapy.utils.log] INFO: Scrapy 1.5.0 started (bot: com289)
2018-02-04 11:37:54 [scrapy.utils.log] INFO: Versions: lxml 4.1.1.0, libxml2 2.9.7, cssselect 1.0.1, parsel 1.3.1, w3lib 1.18.0, Twisted 17.9.0, Python 3.6.3 (v3.6.3:2c5fed8, Oct  3 2017, 17:26:49) [MSC v.1900 32 bit (Intel)], pyOpenSSL 17.5.0 (OpenSSL 1.1.0g  2 Nov 2017), cryptography 2.1.4, Platform Windows-10-10.0.15063-SP0
2018-02-04 11:37:54 [scrapy.crawler] INFO: Overridden settings: {'BOT_NAME': 'com289', 'COOKIES_ENABLED': False, 'LOG_FILE': 'Spider.log', 'LOG_LEVEL': 'INFO', 'NEWSPIDER_MODULE': 'com289.spiders', 'SPIDER_MODULES': ['com289.spiders']}
2018-02-04 11:37:54 [scrapy.middleware] INFO: Enabled extensions:
['scrapy.extensions.corestats.CoreStats',
 'scrapy.extensions.telnet.TelnetConsole',
 'scrapy.extensions.logstats.LogStats']
2018-02-04 11:37:56 [scrapy.middleware] INFO: Enabled downloader middlewares:
['com289.middlewares.JSPageMiddleware',
 'com289.middlewares.RandomUserAgentMiddleware',
 'scrapy.downloadermiddlewares.httpauth.HttpAuthMiddleware',
 'scrapy.downloadermiddlewares.downloadtimeout.DownloadTimeoutMiddleware',
 'scrapy.downloadermiddlewares.defaultheaders.DefaultHeadersMiddleware',
 'scrapy.downloadermiddlewares.useragent.UserAgentMiddleware',
 'scrapy.downloadermiddlewares.retry.RetryMiddleware',
 'scrapy.downloadermiddlewares.redirect.MetaRefreshMiddleware',
 'scrapy.downloadermiddlewares.httpcompression.HttpCompressionMiddleware',
 'scrapy.downloadermiddlewares.redirect.RedirectMiddleware',
 'scrapy.downloadermiddlewares.httpproxy.HttpProxyMiddleware',
 'scrapy.downloadermiddlewares.stats.DownloaderStats']
2018-02-04 11:37:56 [scrapy.middleware] INFO: Enabled spider middlewares:
['scrapy.spidermiddlewares.httperror.HttpErrorMiddleware',
 'scrapy.spidermiddlewares.offsite.OffsiteMiddleware',
 'scrapy.spidermiddlewares.referer.RefererMiddleware',
 'scrapy.spidermiddlewares.urllength.UrlLengthMiddleware',
 'scrapy.spidermiddlewares.depth.DepthMiddleware']
2018-02-04 11:37:56 [scrapy.middleware] INFO: Enabled item pipelines:
['com289.pipelines.Com289Pipeline']
2018-02-04 11:37:56 [scrapy.core.engine] INFO: Spider opened
2018-02-04 11:37:56 [scrapy.extensions.logstats] INFO: Crawled 0 pages (at 0 pages/min), scraped 0 items (at 0 items/min)
2018-02-04 11:40:52 [scrapy.extensions.logstats] INFO: Crawled 12 pages (at 12 pages/min), scraped 0 items (at 0 items/min)
2018-02-04 11:55:05 [scrapy.extensions.logstats] INFO: Crawled 206 pages (at 194 pages/min), scraped 0 items (at 0 items/min)
2018-02-04 12:00:44 [scrapy.extensions.logstats] INFO: Crawled 233 pages (at 27 pages/min), scraped 37 items (at 37 items/min)
2018-02-04 12:00:45 [scrapy.core.engine] INFO: Closing spider (finished)
2018-02-04 12:00:45 [scrapy.statscollectors] INFO: Dumping Scrapy stats:
{'downloader/response_bytes': 5356991,
 'downloader/response_count': 233,
 'downloader/response_status_count/200': 233,
 'finish_reason': 'finished',
 'finish_time': datetime.datetime(2018, 2, 4, 4, 0, 45, 835869),
 'item_scraped_count': 222,
 'log_count/INFO': 10,
 'request_depth_max': 2,
 'response_received_count': 233,
 'scheduler/dequeued': 233,
 'scheduler/dequeued/memory': 233,
 'scheduler/enqueued': 233,
 'scheduler/enqueued/memory': 233,
 'start_time': datetime.datetime(2018, 2, 4, 3, 37, 56, 971813)}
2018-02-04 12:00:45 [scrapy.core.engine] INFO: Spider closed (finished)
2018-02-04 22:11:43 [scrapy.utils.log] INFO: Scrapy 1.5.0 started (bot: com289)
2018-02-04 22:11:43 [scrapy.utils.log] INFO: Versions: lxml 4.1.1.0, libxml2 2.9.7, cssselect 1.0.1, parsel 1.3.1, w3lib 1.18.0, Twisted 17.9.0, Python 3.6.3 (v3.6.3:2c5fed8, Oct  3 2017, 17:26:49) [MSC v.1900 32 bit (Intel)], pyOpenSSL 17.5.0 (OpenSSL 1.1.0g  2 Nov 2017), cryptography 2.1.4, Platform Windows-10-10.0.15063-SP0
2018-02-04 22:11:43 [scrapy.crawler] INFO: Overridden settings: {'BOT_NAME': 'com289', 'COOKIES_ENABLED': False, 'LOG_FILE': 'Spider.log', 'LOG_LEVEL': 'INFO', 'NEWSPIDER_MODULE': 'com289.spiders', 'SPIDER_MODULES': ['com289.spiders']}
2018-02-04 22:11:43 [scrapy.middleware] INFO: Enabled extensions:
['scrapy.extensions.corestats.CoreStats',
 'scrapy.extensions.telnet.TelnetConsole',
 'scrapy.extensions.logstats.LogStats']
2018-02-04 22:11:45 [scrapy.middleware] INFO: Enabled downloader middlewares:
['com289.middlewares.JSPageMiddleware',
 'com289.middlewares.RandomUserAgentMiddleware',
 'scrapy.downloadermiddlewares.httpauth.HttpAuthMiddleware',
 'scrapy.downloadermiddlewares.downloadtimeout.DownloadTimeoutMiddleware',
 'scrapy.downloadermiddlewares.defaultheaders.DefaultHeadersMiddleware',
 'scrapy.downloadermiddlewares.useragent.UserAgentMiddleware',
 'scrapy.downloadermiddlewares.retry.RetryMiddleware',
 'scrapy.downloadermiddlewares.redirect.MetaRefreshMiddleware',
 'scrapy.downloadermiddlewares.httpcompression.HttpCompressionMiddleware',
 'scrapy.downloadermiddlewares.redirect.RedirectMiddleware',
 'scrapy.downloadermiddlewares.httpproxy.HttpProxyMiddleware',
 'scrapy.downloadermiddlewares.stats.DownloaderStats']
2018-02-04 22:11:45 [scrapy.middleware] INFO: Enabled spider middlewares:
['scrapy.spidermiddlewares.httperror.HttpErrorMiddleware',
 'scrapy.spidermiddlewares.offsite.OffsiteMiddleware',
 'scrapy.spidermiddlewares.referer.RefererMiddleware',
 'scrapy.spidermiddlewares.urllength.UrlLengthMiddleware',
 'scrapy.spidermiddlewares.depth.DepthMiddleware']
2018-02-04 22:11:45 [scrapy.middleware] INFO: Enabled item pipelines:
['com289.pipelines.Com289Pipeline']
2018-02-04 22:11:45 [scrapy.core.engine] INFO: Spider opened
2018-02-04 22:11:45 [scrapy.extensions.logstats] INFO: Crawled 0 pages (at 0 pages/min), scraped 0 items (at 0 items/min)
2018-02-04 22:17:53 [scrapy.extensions.logstats] INFO: Crawled 206 pages (at 206 pages/min), scraped 0 items (at 0 items/min)
2018-02-04 22:18:35 [scrapy.core.engine] INFO: Closing spider (finished)
2018-02-04 22:18:35 [scrapy.statscollectors] INFO: Dumping Scrapy stats:
{'downloader/response_bytes': 5610509,
 'downloader/response_count': 229,
 'downloader/response_status_count/200': 229,
 'finish_reason': 'finished',
 'finish_time': datetime.datetime(2018, 2, 4, 14, 18, 35, 372328),
 'item_scraped_count': 218,
 'log_count/INFO': 8,
 'request_depth_max': 2,
 'response_received_count': 229,
 'scheduler/dequeued': 229,
 'scheduler/dequeued/memory': 229,
 'scheduler/enqueued': 229,
 'scheduler/enqueued/memory': 229,
 'start_time': datetime.datetime(2018, 2, 4, 14, 11, 45, 977871)}
2018-02-04 22:18:35 [scrapy.core.engine] INFO: Spider closed (finished)
2018-02-04 22:20:32 [scrapy.utils.log] INFO: Scrapy 1.5.0 started (bot: com289)
2018-02-04 22:20:32 [scrapy.utils.log] INFO: Versions: lxml 4.1.1.0, libxml2 2.9.7, cssselect 1.0.1, parsel 1.3.1, w3lib 1.18.0, Twisted 17.9.0, Python 3.6.3 (v3.6.3:2c5fed8, Oct  3 2017, 17:26:49) [MSC v.1900 32 bit (Intel)], pyOpenSSL 17.5.0 (OpenSSL 1.1.0g  2 Nov 2017), cryptography 2.1.4, Platform Windows-10-10.0.15063-SP0
2018-02-04 22:20:32 [scrapy.crawler] INFO: Overridden settings: {'BOT_NAME': 'com289', 'COOKIES_ENABLED': False, 'LOG_FILE': 'Spider.log', 'LOG_LEVEL': 'INFO', 'NEWSPIDER_MODULE': 'com289.spiders', 'SPIDER_MODULES': ['com289.spiders']}
2018-02-04 22:20:32 [scrapy.middleware] INFO: Enabled extensions:
['scrapy.extensions.corestats.CoreStats',
 'scrapy.extensions.telnet.TelnetConsole',
 'scrapy.extensions.logstats.LogStats']
2018-02-04 22:20:34 [scrapy.middleware] INFO: Enabled downloader middlewares:
['com289.middlewares.JSPageMiddleware',
 'com289.middlewares.RandomUserAgentMiddleware',
 'scrapy.downloadermiddlewares.httpauth.HttpAuthMiddleware',
 'scrapy.downloadermiddlewares.downloadtimeout.DownloadTimeoutMiddleware',
 'scrapy.downloadermiddlewares.defaultheaders.DefaultHeadersMiddleware',
 'scrapy.downloadermiddlewares.useragent.UserAgentMiddleware',
 'scrapy.downloadermiddlewares.retry.RetryMiddleware',
 'scrapy.downloadermiddlewares.redirect.MetaRefreshMiddleware',
 'scrapy.downloadermiddlewares.httpcompression.HttpCompressionMiddleware',
 'scrapy.downloadermiddlewares.redirect.RedirectMiddleware',
 'scrapy.downloadermiddlewares.httpproxy.HttpProxyMiddleware',
 'scrapy.downloadermiddlewares.stats.DownloaderStats']
2018-02-04 22:20:34 [scrapy.middleware] INFO: Enabled spider middlewares:
['scrapy.spidermiddlewares.httperror.HttpErrorMiddleware',
 'scrapy.spidermiddlewares.offsite.OffsiteMiddleware',
 'scrapy.spidermiddlewares.referer.RefererMiddleware',
 'scrapy.spidermiddlewares.urllength.UrlLengthMiddleware',
 'scrapy.spidermiddlewares.depth.DepthMiddleware']
2018-02-04 22:20:34 [scrapy.middleware] INFO: Enabled item pipelines:
['com289.pipelines.Com289Pipeline']
2018-02-04 22:20:34 [scrapy.core.engine] INFO: Spider opened
2018-02-04 22:20:34 [scrapy.extensions.logstats] INFO: Crawled 0 pages (at 0 pages/min), scraped 0 items (at 0 items/min)
2018-02-04 22:33:33 [scrapy.extensions.logstats] INFO: Crawled 220 pages (at 220 pages/min), scraped 0 items (at 0 items/min)
2018-02-04 22:34:02 [scrapy.extensions.logstats] INFO: Crawled 233 pages (at 13 pages/min), scraped 208 items (at 208 items/min)
2018-02-04 22:35:50 [scrapy.extensions.logstats] INFO: Crawled 245 pages (at 12 pages/min), scraped 209 items (at 1 items/min)
2018-02-04 22:35:50 [scrapy.core.engine] INFO: Closing spider (finished)
2018-02-04 22:35:50 [scrapy.statscollectors] INFO: Dumping Scrapy stats:
{'downloader/response_bytes': 5871787,
 'downloader/response_count': 245,
 'downloader/response_status_count/200': 245,
 'finish_reason': 'finished',
 'finish_time': datetime.datetime(2018, 2, 4, 14, 35, 50, 680182),
 'item_scraped_count': 234,
 'log_count/INFO': 10,
 'request_depth_max': 2,
 'response_received_count': 245,
 'scheduler/dequeued': 245,
 'scheduler/dequeued/memory': 245,
 'scheduler/enqueued': 245,
 'scheduler/enqueued/memory': 245,
 'start_time': datetime.datetime(2018, 2, 4, 14, 20, 34, 791538)}
2018-02-04 22:35:50 [scrapy.core.engine] INFO: Spider closed (finished)
2018-02-04 22:37:13 [scrapy.utils.log] INFO: Scrapy 1.5.0 started (bot: com289)
2018-02-04 22:37:13 [scrapy.utils.log] INFO: Versions: lxml 4.1.1.0, libxml2 2.9.7, cssselect 1.0.1, parsel 1.3.1, w3lib 1.18.0, Twisted 17.9.0, Python 3.6.3 (v3.6.3:2c5fed8, Oct  3 2017, 17:26:49) [MSC v.1900 32 bit (Intel)], pyOpenSSL 17.5.0 (OpenSSL 1.1.0g  2 Nov 2017), cryptography 2.1.4, Platform Windows-10-10.0.15063-SP0
2018-02-04 22:37:13 [scrapy.crawler] INFO: Overridden settings: {'BOT_NAME': 'com289', 'COOKIES_ENABLED': False, 'LOG_FILE': 'Spider.log', 'LOG_LEVEL': 'INFO', 'NEWSPIDER_MODULE': 'com289.spiders', 'SPIDER_MODULES': ['com289.spiders']}
2018-02-04 22:37:13 [scrapy.middleware] INFO: Enabled extensions:
['scrapy.extensions.corestats.CoreStats',
 'scrapy.extensions.telnet.TelnetConsole',
 'scrapy.extensions.logstats.LogStats']
2018-02-04 22:37:16 [scrapy.middleware] INFO: Enabled downloader middlewares:
['com289.middlewares.JSPageMiddleware',
 'com289.middlewares.RandomUserAgentMiddleware',
 'scrapy.downloadermiddlewares.httpauth.HttpAuthMiddleware',
 'scrapy.downloadermiddlewares.downloadtimeout.DownloadTimeoutMiddleware',
 'scrapy.downloadermiddlewares.defaultheaders.DefaultHeadersMiddleware',
 'scrapy.downloadermiddlewares.useragent.UserAgentMiddleware',
 'scrapy.downloadermiddlewares.retry.RetryMiddleware',
 'scrapy.downloadermiddlewares.redirect.MetaRefreshMiddleware',
 'scrapy.downloadermiddlewares.httpcompression.HttpCompressionMiddleware',
 'scrapy.downloadermiddlewares.redirect.RedirectMiddleware',
 'scrapy.downloadermiddlewares.httpproxy.HttpProxyMiddleware',
 'scrapy.downloadermiddlewares.stats.DownloaderStats']
2018-02-04 22:37:16 [scrapy.middleware] INFO: Enabled spider middlewares:
['scrapy.spidermiddlewares.httperror.HttpErrorMiddleware',
 'scrapy.spidermiddlewares.offsite.OffsiteMiddleware',
 'scrapy.spidermiddlewares.referer.RefererMiddleware',
 'scrapy.spidermiddlewares.urllength.UrlLengthMiddleware',
 'scrapy.spidermiddlewares.depth.DepthMiddleware']
2018-02-04 22:37:16 [scrapy.middleware] INFO: Enabled item pipelines:
['com289.pipelines.Com289Pipeline']
2018-02-04 22:37:16 [scrapy.core.engine] INFO: Spider opened
2018-02-04 22:37:16 [scrapy.extensions.logstats] INFO: Crawled 0 pages (at 0 pages/min), scraped 0 items (at 0 items/min)
2018-02-04 22:42:52 [scrapy.extensions.logstats] INFO: Crawled 188 pages (at 188 pages/min), scraped 0 items (at 0 items/min)
2018-02-04 22:44:13 [scrapy.extensions.logstats] INFO: Crawled 233 pages (at 45 pages/min), scraped 177 items (at 177 items/min)
2018-02-04 22:44:13 [scrapy.core.engine] INFO: Closing spider (finished)
2018-02-04 22:44:13 [scrapy.statscollectors] INFO: Dumping Scrapy stats:
{'downloader/response_bytes': 6610051,
 'downloader/response_count': 233,
 'downloader/response_status_count/200': 233,
 'finish_reason': 'finished',
 'finish_time': datetime.datetime(2018, 2, 4, 14, 44, 13, 872484),
 'item_scraped_count': 222,
 'log_count/INFO': 9,
 'request_depth_max': 2,
 'response_received_count': 233,
 'scheduler/dequeued': 233,
 'scheduler/dequeued/memory': 233,
 'scheduler/enqueued': 233,
 'scheduler/enqueued/memory': 233,
 'start_time': datetime.datetime(2018, 2, 4, 14, 37, 16, 156796)}
2018-02-04 22:44:13 [scrapy.core.engine] INFO: Spider closed (finished)
2018-02-04 22:46:48 [scrapy.utils.log] INFO: Scrapy 1.5.0 started (bot: com289)
2018-02-04 22:46:48 [scrapy.utils.log] INFO: Versions: lxml 4.1.1.0, libxml2 2.9.7, cssselect 1.0.1, parsel 1.3.1, w3lib 1.18.0, Twisted 17.9.0, Python 3.6.3 (v3.6.3:2c5fed8, Oct  3 2017, 17:26:49) [MSC v.1900 32 bit (Intel)], pyOpenSSL 17.5.0 (OpenSSL 1.1.0g  2 Nov 2017), cryptography 2.1.4, Platform Windows-10-10.0.15063-SP0
2018-02-04 22:46:48 [scrapy.crawler] INFO: Overridden settings: {'BOT_NAME': 'com289', 'COOKIES_ENABLED': False, 'LOG_FILE': 'Spider.log', 'LOG_LEVEL': 'INFO', 'NEWSPIDER_MODULE': 'com289.spiders', 'SPIDER_MODULES': ['com289.spiders']}
2018-02-04 22:46:48 [scrapy.middleware] INFO: Enabled extensions:
['scrapy.extensions.corestats.CoreStats',
 'scrapy.extensions.telnet.TelnetConsole',
 'scrapy.extensions.logstats.LogStats']
2018-02-04 22:46:50 [scrapy.middleware] INFO: Enabled downloader middlewares:
['com289.middlewares.JSPageMiddleware',
 'com289.middlewares.RandomUserAgentMiddleware',
 'scrapy.downloadermiddlewares.httpauth.HttpAuthMiddleware',
 'scrapy.downloadermiddlewares.downloadtimeout.DownloadTimeoutMiddleware',
 'scrapy.downloadermiddlewares.defaultheaders.DefaultHeadersMiddleware',
 'scrapy.downloadermiddlewares.useragent.UserAgentMiddleware',
 'scrapy.downloadermiddlewares.retry.RetryMiddleware',
 'scrapy.downloadermiddlewares.redirect.MetaRefreshMiddleware',
 'scrapy.downloadermiddlewares.httpcompression.HttpCompressionMiddleware',
 'scrapy.downloadermiddlewares.redirect.RedirectMiddleware',
 'scrapy.downloadermiddlewares.httpproxy.HttpProxyMiddleware',
 'scrapy.downloadermiddlewares.stats.DownloaderStats']
2018-02-04 22:46:50 [scrapy.middleware] INFO: Enabled spider middlewares:
['scrapy.spidermiddlewares.httperror.HttpErrorMiddleware',
 'scrapy.spidermiddlewares.offsite.OffsiteMiddleware',
 'scrapy.spidermiddlewares.referer.RefererMiddleware',
 'scrapy.spidermiddlewares.urllength.UrlLengthMiddleware',
 'scrapy.spidermiddlewares.depth.DepthMiddleware']
2018-02-04 22:46:50 [scrapy.middleware] INFO: Enabled item pipelines:
['com289.pipelines.Com289Pipeline']
2018-02-04 22:46:50 [scrapy.core.engine] INFO: Spider opened
2018-02-04 22:46:50 [scrapy.extensions.logstats] INFO: Crawled 0 pages (at 0 pages/min), scraped 0 items (at 0 items/min)
2018-02-04 22:53:16 [scrapy.extensions.logstats] INFO: Crawled 220 pages (at 220 pages/min), scraped 0 items (at 0 items/min)
2018-02-04 22:53:59 [scrapy.extensions.logstats] INFO: Crawled 243 pages (at 23 pages/min), scraped 209 items (at 209 items/min)
2018-02-04 22:54:00 [scrapy.core.engine] INFO: Closing spider (finished)
2018-02-04 22:54:00 [scrapy.statscollectors] INFO: Dumping Scrapy stats:
{'downloader/response_bytes': 5733492,
 'downloader/response_count': 243,
 'downloader/response_status_count/200': 243,
 'finish_reason': 'finished',
 'finish_time': datetime.datetime(2018, 2, 4, 14, 54, 0, 87049),
 'item_scraped_count': 232,
 'log_count/INFO': 9,
 'request_depth_max': 2,
 'response_received_count': 243,
 'scheduler/dequeued': 243,
 'scheduler/dequeued/memory': 243,
 'scheduler/enqueued': 243,
 'scheduler/enqueued/memory': 243,
 'start_time': datetime.datetime(2018, 2, 4, 14, 46, 50, 860822)}
2018-02-04 22:54:00 [scrapy.core.engine] INFO: Spider closed (finished)
2018-02-04 23:06:08 [scrapy.utils.log] INFO: Scrapy 1.5.0 started (bot: com289)
2018-02-04 23:06:08 [scrapy.utils.log] INFO: Versions: lxml 4.1.1.0, libxml2 2.9.7, cssselect 1.0.1, parsel 1.3.1, w3lib 1.18.0, Twisted 17.9.0, Python 3.6.3 (v3.6.3:2c5fed8, Oct  3 2017, 17:26:49) [MSC v.1900 32 bit (Intel)], pyOpenSSL 17.5.0 (OpenSSL 1.1.0g  2 Nov 2017), cryptography 2.1.4, Platform Windows-10-10.0.15063-SP0
2018-02-04 23:06:08 [scrapy.crawler] INFO: Overridden settings: {'BOT_NAME': 'com289', 'COOKIES_ENABLED': False, 'DUPEFILTER_CLASS': 'scrapy.dupefilters.BaseDupeFilter', 'LOGSTATS_INTERVAL': 0, 'LOG_FILE': 'Spider.log', 'LOG_LEVEL': 'INFO', 'NEWSPIDER_MODULE': 'com289.spiders', 'SPIDER_MODULES': ['com289.spiders']}
2018-02-04 23:06:08 [scrapy.middleware] INFO: Enabled extensions:
['scrapy.extensions.corestats.CoreStats',
 'scrapy.extensions.telnet.TelnetConsole']
2018-02-04 23:06:10 [scrapy.middleware] INFO: Enabled downloader middlewares:
['com289.middlewares.JSPageMiddleware',
 'com289.middlewares.RandomUserAgentMiddleware',
 'scrapy.downloadermiddlewares.httpauth.HttpAuthMiddleware',
 'scrapy.downloadermiddlewares.downloadtimeout.DownloadTimeoutMiddleware',
 'scrapy.downloadermiddlewares.defaultheaders.DefaultHeadersMiddleware',
 'scrapy.downloadermiddlewares.useragent.UserAgentMiddleware',
 'scrapy.downloadermiddlewares.retry.RetryMiddleware',
 'scrapy.downloadermiddlewares.redirect.MetaRefreshMiddleware',
 'scrapy.downloadermiddlewares.httpcompression.HttpCompressionMiddleware',
 'scrapy.downloadermiddlewares.redirect.RedirectMiddleware',
 'scrapy.downloadermiddlewares.httpproxy.HttpProxyMiddleware',
 'scrapy.downloadermiddlewares.stats.DownloaderStats']
2018-02-04 23:06:10 [scrapy.middleware] INFO: Enabled spider middlewares:
['scrapy.spidermiddlewares.httperror.HttpErrorMiddleware',
 'scrapy.spidermiddlewares.offsite.OffsiteMiddleware',
 'scrapy.spidermiddlewares.referer.RefererMiddleware',
 'scrapy.spidermiddlewares.urllength.UrlLengthMiddleware',
 'scrapy.spidermiddlewares.depth.DepthMiddleware']
2018-02-04 23:06:10 [scrapy.middleware] INFO: Enabled item pipelines:
['com289.pipelines.Com289Pipeline']
2018-02-04 23:06:10 [scrapy.core.engine] INFO: Spider opened
